2024-05-12 13:20:24.378 INFO  cn.anlper.train.MemberApplication8001             :51   main [32m                [0;39m Starting MemberApplication8001 using Java 17.0.8 with PID 24029 (/Users/liujiawei/IdeaProjects/project/train/member/target/classes started by liujiawei in /Users/liujiawei/IdeaProjects/project/train)
2024-05-12 13:20:24.380 INFO  cn.anlper.train.MemberApplication8001             :632  main [32m                [0;39m No active profile set, falling back to 1 default profile: "default"
2024-05-12 13:20:24.699 INFO  o.s.boot.web.embedded.tomcat.TomcatWebServer      :108  main [32m                [0;39m Tomcat initialized with port(s): 8001 (http)
2024-05-12 13:20:24.702 INFO  org.apache.coyote.http11.Http11NioProtocol        :173  main [32m                [0;39m Initializing ProtocolHandler ["http-nio-8001"]
2024-05-12 13:20:24.702 INFO  org.apache.catalina.core.StandardService          :173  main [32m                [0;39m Starting service [Tomcat]
2024-05-12 13:20:24.703 INFO  org.apache.catalina.core.StandardEngine           :173  main [32m                [0;39m Starting Servlet engine: [Apache Tomcat/10.1.11]
2024-05-12 13:20:24.737 INFO  o.a.c.core.ContainerBase.[Tomcat].[localhost].[/] :173  main [32m                [0;39m Initializing Spring embedded WebApplicationContext
2024-05-12 13:20:24.737 INFO  o.s.b.w.s.c.ServletWebServerApplicationContext    :291  main [32m                [0;39m Root WebApplicationContext: initialization completed in 338 ms
2024-05-12 13:20:24.859 INFO  org.apache.coyote.http11.Http11NioProtocol        :173  main [32m                [0;39m Starting ProtocolHandler ["http-nio-8001"]
2024-05-12 13:20:24.866 INFO  o.s.boot.web.embedded.tomcat.TomcatWebServer      :220  main [32m                [0;39m Tomcat started on port(s): 8001 (http) with context path ''
2024-05-12 13:20:24.870 INFO  cn.anlper.train.MemberApplication8001             :57   main [32m                [0;39m Started MemberApplication8001 in 0.629 seconds (process running for 0.897)
2024-05-12 13:20:24.871 INFO  cn.anlper.train.MemberApplication8001             :15   main [32m                [0;39m 启动成功，访问地址：	http://127.0.0.1:8001
2024-05-12 13:21:15.622 INFO  cn.anlper.train.MemberApplication8001             :51   main [32m                [0;39m Starting MemberApplication8001 using Java 17.0.8 with PID 24056 (/Users/liujiawei/IdeaProjects/project/train/member/target/classes started by liujiawei in /Users/liujiawei/IdeaProjects/project/train)
2024-05-12 13:21:15.624 INFO  cn.anlper.train.MemberApplication8001             :632  main [32m                [0;39m No active profile set, falling back to 1 default profile: "default"
2024-05-12 13:21:15.938 INFO  o.s.boot.web.embedded.tomcat.TomcatWebServer      :108  main [32m                [0;39m Tomcat initialized with port(s): 8001 (http)
2024-05-12 13:21:15.942 INFO  org.apache.coyote.http11.Http11NioProtocol        :173  main [32m                [0;39m Initializing ProtocolHandler ["http-nio-8001"]
2024-05-12 13:21:15.943 INFO  org.apache.catalina.core.StandardService          :173  main [32m                [0;39m Starting service [Tomcat]
2024-05-12 13:21:15.943 INFO  org.apache.catalina.core.StandardEngine           :173  main [32m                [0;39m Starting Servlet engine: [Apache Tomcat/10.1.11]
2024-05-12 13:21:15.979 INFO  o.a.c.core.ContainerBase.[Tomcat].[localhost].[/] :173  main [32m                [0;39m Initializing Spring embedded WebApplicationContext
2024-05-12 13:21:15.980 INFO  o.s.b.w.s.c.ServletWebServerApplicationContext    :291  main [32m                [0;39m Root WebApplicationContext: initialization completed in 335 ms
2024-05-12 13:21:16.107 INFO  org.apache.coyote.http11.Http11NioProtocol        :173  main [32m                [0;39m Starting ProtocolHandler ["http-nio-8001"]
2024-05-12 13:21:16.115 INFO  o.s.boot.web.embedded.tomcat.TomcatWebServer      :220  main [32m                [0;39m Tomcat started on port(s): 8001 (http) with context path ''
2024-05-12 13:21:16.119 INFO  cn.anlper.train.MemberApplication8001             :57   main [32m                [0;39m Started MemberApplication8001 in 0.645 seconds (process running for 0.921)
2024-05-12 13:21:16.120 INFO  cn.anlper.train.MemberApplication8001             :15   main [32m                [0;39m 启动成功，访问地址：	http://127.0.0.1:8001
